Track System 1:
1 2 4 6 

Track System 2:
1 2(5) 5 8 

Track System 3:
1 3 11 4 5 7 6 8 10 9 

Track System 4:
1 2 3(6) 6 7 

Track System 5:
1 2 5 11(12) 12 18 (18)20 

Track System 6:
1 3 8 7 (7)9 

Track System 7:
2 3 5 1 

Track System 8:
7(4) 4 1 8 9 14(18) 18 20 

Track System 9:
1 2(5) 5 8 9 10 12 14 

Track System 10:
1 2 5 8 9 10 12 14 

Track System 11:
1(3) 3 5 7 8 9 10 

Track System 12:
1(10) 10 

Track System 13:
1 2 (2)5 8 

Track System 14:
1 3 7 11 15 17 

Track System 15:
17 3 7 11 15 1 

Track System 16:
1 3 (3)7 11 15 17 

Track System 17:
1(6) (1)6 

Track System 18:
1 2 7 9(10) 10 12 5 6 

